<?xml version="1.0" encoding="UTF-8"?>
<testsuite name="MusicAdvisorTest" tests="1" skipped="0" failures="0" errors="0" timestamp="2022-01-31T20:15:14" hostname="DESKTOP-59NT9JF" time="0.578">
  <properties/>
  <testcase name="start" classname="MusicAdvisorTest" time="0.578"/>
  <system-out><![CDATA[?[1;31m
Start test 1?[0m
> auth
use this link to request the access code:
http://127.0.0.1:45678/authorize?client_id=9955b8ae7d0942328db1966b8ccd0272&redirect_uri=http://localhost:8080&response_type=code
waiting for code...
Tester: making requests to redirect uri: http://localhost:8080
Tester: done request 1: Authorization code not found. Try again.
Tester: done request 2: Authorization code not found. Try again.
Tester: done request 3: Got the code. Return back to your program.
code received
making http request for access_token...
response:
{"access_token":"456456","token_type":"Bearer","expires_in":3600,"refresh_token":"567567","scope":""}
use this link to request the access code:
http://127.0.0.1:45678/authorize?client_id=9955b8ae7d0942328db1966b8ccd0272&redirect_uri=http://localhost:8080&response_type=code
> featured
---FEATURED---
Mellow Morning
Wake Up and Smell the Coffee
Monday Motivation
Songs to Sing in the Shower
> exit
---GOODBYE!---
?[1;31m
Start test 2?[0m
> featured
Please, provide access for application.
> exit
---GOODBYE!---
?[1;31m
Start test 3?[0m
> new
Please, provide access for application.
> exit
---GOODBYE!---
]]></system-out>
  <system-err><![CDATA[]]></system-err>
</testsuite>
